Performing C++ SOURCE FILE Test THREAD_SANITIZER_AVAILABLE failed with the following compile output:
Change Dir: C:/Users/User/Desktop/Module30/HW/Task2/cmake-build-debug/CMakeFiles/CMakeScratch/TryCompile-ybtiuf

Run Build Command(s):C:/Program Files/JetBrains/CLion 2023.1/bin/ninja/win/x64/ninja.exe cmTC_a5d73 && [1/2] Building CXX object CMakeFiles/cmTC_a5d73.dir/src.cxx.obj
[2/2] Linking CXX executable cmTC_a5d73.exe
FAILED: cmTC_a5d73.exe 
cmd.exe /C "cd . && C:\mingw64\bin\c++.exe -fsanitize=thread  CMakeFiles/cmTC_a5d73.dir/src.cxx.obj -o cmTC_a5d73.exe -Wl,--out-implib,libcmTC_a5d73.dll.a -Wl,--major-image-version,0,--minor-image-version,0  -lkernel32 -luser32 -lgdi32 -lwinspool -lshell32 -lole32 -loleaut32 -luuid -lcomdlg32 -ladvapi32 && cd ."
C:/mingw64/bin/../lib/gcc/x86_64-w64-mingw32/14.2.0/../../../../x86_64-w64-mingw32/bin/ld.exe: cannot find -ltsan: No such file or directory
collect2.exe: error: ld returned 1 exit status
ninja: build stopped: subcommand failed.


...and run output:

Return value: 1
Source file was:
int main() { return 0; }

Performing C++ SOURCE FILE Test ADDRESS_SANITIZER_AVAILABLE failed with the following compile output:
Change Dir: C:/Users/User/Desktop/Module30/HW/Task2/cmake-build-debug/CMakeFiles/CMakeScratch/TryCompile-6b4e66

Run Build Command(s):C:/Program Files/JetBrains/CLion 2023.1/bin/ninja/win/x64/ninja.exe cmTC_dc7e6 && [1/2] Building CXX object CMakeFiles/cmTC_dc7e6.dir/src.cxx.obj
[2/2] Linking CXX executable cmTC_dc7e6.exe
FAILED: cmTC_dc7e6.exe 
cmd.exe /C "cd . && C:\mingw64\bin\c++.exe -fsanitize=address  CMakeFiles/cmTC_dc7e6.dir/src.cxx.obj -o cmTC_dc7e6.exe -Wl,--out-implib,libcmTC_dc7e6.dll.a -Wl,--major-image-version,0,--minor-image-version,0  -lkernel32 -luser32 -lgdi32 -lwinspool -lshell32 -lole32 -loleaut32 -luuid -lcomdlg32 -ladvapi32 && cd ."
C:/mingw64/bin/../lib/gcc/x86_64-w64-mingw32/14.2.0/../../../../x86_64-w64-mingw32/bin/ld.exe: cannot find -lasan: No such file or directory
collect2.exe: error: ld returned 1 exit status
ninja: build stopped: subcommand failed.


...and run output:

Return value: 1
Source file was:
int main() { return 0; }

Performing C++ SOURCE FILE Test ALL_SANITIZERS_AVAILABLE failed with the following compile output:
Change Dir: C:/Users/User/Desktop/Module30/HW/Task2/cmake-build-debug/CMakeFiles/CMakeScratch/TryCompile-r9rnvt

Run Build Command(s):C:/Program Files/JetBrains/CLion 2023.1/bin/ninja/win/x64/ninja.exe cmTC_868bc && [1/2] Building CXX object CMakeFiles/cmTC_868bc.dir/src.cxx.obj
[2/2] Linking CXX executable cmTC_868bc.exe
FAILED: cmTC_868bc.exe 
cmd.exe /C "cd . && C:\mingw64\bin\c++.exe -fsanitize=leak -fsanitize=undefined  CMakeFiles/cmTC_868bc.dir/src.cxx.obj -o cmTC_868bc.exe -Wl,--out-implib,libcmTC_868bc.dll.a -Wl,--major-image-version,0,--minor-image-version,0  -lkernel32 -luser32 -lgdi32 -lwinspool -lshell32 -lole32 -loleaut32 -luuid -lcomdlg32 -ladvapi32 && cd ."
C:/mingw64/bin/../lib/gcc/x86_64-w64-mingw32/14.2.0/../../../../x86_64-w64-mingw32/bin/ld.exe: cannot find -lubsan: No such file or directory
C:/mingw64/bin/../lib/gcc/x86_64-w64-mingw32/14.2.0/../../../../x86_64-w64-mingw32/bin/ld.exe: cannot find -llsan: No such file or directory
collect2.exe: error: ld returned 1 exit status
ninja: build stopped: subcommand failed.


...and run output:

Return value: 1
Source file was:
int main() { return 0; }

Determining if the include file sys/auxv.h exists failed with the following output:
Change Dir: C:/Users/User/Desktop/Module30/HW/Task2/cmake-build-debug/CMakeFiles/CMakeScratch/TryCompile-4o14l8

Run Build Command(s):C:/Program Files/JetBrains/CLion 2023.1/bin/ninja/win/x64/ninja.exe cmTC_660b0 && [1/2] Building C object CMakeFiles/cmTC_660b0.dir/CheckIncludeFile.c.obj
FAILED: CMakeFiles/cmTC_660b0.dir/CheckIncludeFile.c.obj 
C:\mingw64\bin\gcc.exe   -fdiagnostics-color=always -std=c11 -o CMakeFiles/cmTC_660b0.dir/CheckIncludeFile.c.obj -c C:/Users/User/Desktop/Module30/HW/Task2/cmake-build-debug/CMakeFiles/CMakeScratch/TryCompile-4o14l8/CheckIncludeFile.c
C:/Users/User/Desktop/Module30/HW/Task2/cmake-build-debug/CMakeFiles/CMakeScratch/TryCompile-4o14l8/CheckIncludeFile.c:1:10: fatal error: sys/auxv.h: No such file or directory
    1 | #include <sys/auxv.h>
      |          ^~~~~~~~~~~~
compilation terminated.
ninja: build stopped: subcommand failed.



Determining if the include file sys/sdt.h exists failed with the following output:
Change Dir: C:/Users/User/Desktop/Module30/HW/Task2/cmake-build-debug/CMakeFiles/CMakeScratch/TryCompile-5t41uf

Run Build Command(s):C:/Program Files/JetBrains/CLion 2023.1/bin/ninja/win/x64/ninja.exe cmTC_3e3c2 && [1/2] Building C object CMakeFiles/cmTC_3e3c2.dir/CheckIncludeFile.c.obj
FAILED: CMakeFiles/cmTC_3e3c2.dir/CheckIncludeFile.c.obj 
C:\mingw64\bin\gcc.exe   -fdiagnostics-color=always -std=c11 -o CMakeFiles/cmTC_3e3c2.dir/CheckIncludeFile.c.obj -c C:/Users/User/Desktop/Module30/HW/Task2/cmake-build-debug/CMakeFiles/CMakeScratch/TryCompile-5t41uf/CheckIncludeFile.c
C:/Users/User/Desktop/Module30/HW/Task2/cmake-build-debug/CMakeFiles/CMakeScratch/TryCompile-5t41uf/CheckIncludeFile.c:1:10: fatal error: sys/sdt.h: No such file or directory
    1 | #include <sys/sdt.h>
      |          ^~~~~~~~~~~
compilation terminated.
ninja: build stopped: subcommand failed.



Determining if the posix_memalign exist failed with the following output:
Change Dir: C:/Users/User/Desktop/Module30/HW/Task2/cmake-build-debug/CMakeFiles/CMakeScratch/TryCompile-uf78z2

Run Build Command(s):C:/Program Files/JetBrains/CLion 2023.1/bin/ninja/win/x64/ninja.exe cmTC_cf9dc && [1/2] Building C object CMakeFiles/cmTC_cf9dc.dir/CheckSymbolExists.c.obj
FAILED: CMakeFiles/cmTC_cf9dc.dir/CheckSymbolExists.c.obj 
C:\mingw64\bin\gcc.exe -D_POSIX_C_SOURCE=200112L  -fdiagnostics-color=always -std=c11 -o CMakeFiles/cmTC_cf9dc.dir/CheckSymbolExists.c.obj -c C:/Users/User/Desktop/Module30/HW/Task2/cmake-build-debug/CMakeFiles/CMakeScratch/TryCompile-uf78z2/CheckSymbolExists.c
C:/Users/User/Desktop/Module30/HW/Task2/cmake-build-debug/CMakeFiles/CMakeScratch/TryCompile-uf78z2/CheckSymbolExists.c: In function 'main':
C:/Users/User/Desktop/Module30/HW/Task2/cmake-build-debug/CMakeFiles/CMakeScratch/TryCompile-uf78z2/CheckSymbolExists.c:8:19: error: 'posix_memalign' undeclared (first use in this function)
    8 |   return ((int*)(&posix_memalign))[argc];
      |                   ^~~~~~~~~~~~~~
C:/Users/User/Desktop/Module30/HW/Task2/cmake-build-debug/CMakeFiles/CMakeScratch/TryCompile-uf78z2/CheckSymbolExists.c:8:19: note: each undeclared identifier is reported only once for each function it appears in
ninja: build stopped: subcommand failed.


File CheckSymbolExists.c:
/* */
#include <stdlib.h>

int main(int argc, char** argv)
{
  (void)argv;
#ifndef posix_memalign
  return ((int*)(&posix_memalign))[argc];
#else
  (void)argc;
  return 0;
#endif
}

Determining if the aligned_alloc exist failed with the following output:
Change Dir: C:/Users/User/Desktop/Module30/HW/Task2/cmake-build-debug/CMakeFiles/CMakeScratch/TryCompile-1odltp

Run Build Command(s):C:/Program Files/JetBrains/CLion 2023.1/bin/ninja/win/x64/ninja.exe cmTC_58149 && [1/2] Building C object CMakeFiles/cmTC_58149.dir/CheckSymbolExists.c.obj
FAILED: CMakeFiles/cmTC_58149.dir/CheckSymbolExists.c.obj 
C:\mingw64\bin\gcc.exe -D_ISOC11_SOURCE=1  -fdiagnostics-color=always -std=c11 -o CMakeFiles/cmTC_58149.dir/CheckSymbolExists.c.obj -c C:/Users/User/Desktop/Module30/HW/Task2/cmake-build-debug/CMakeFiles/CMakeScratch/TryCompile-1odltp/CheckSymbolExists.c
C:/Users/User/Desktop/Module30/HW/Task2/cmake-build-debug/CMakeFiles/CMakeScratch/TryCompile-1odltp/CheckSymbolExists.c: In function 'main':
C:/Users/User/Desktop/Module30/HW/Task2/cmake-build-debug/CMakeFiles/CMakeScratch/TryCompile-1odltp/CheckSymbolExists.c:8:19: error: 'aligned_alloc' undeclared (first use in this function); did you mean '_aligned_malloc'?
    8 |   return ((int*)(&aligned_alloc))[argc];
      |                   ^~~~~~~~~~~~~
      |                   _aligned_malloc
C:/Users/User/Desktop/Module30/HW/Task2/cmake-build-debug/CMakeFiles/CMakeScratch/TryCompile-1odltp/CheckSymbolExists.c:8:19: note: each undeclared identifier is reported only once for each function it appears in
ninja: build stopped: subcommand failed.


File CheckSymbolExists.c:
/* */
#include <stdlib.h>

int main(int argc, char** argv)
{
  (void)argv;
#ifndef aligned_alloc
  return ((int*)(&aligned_alloc))[argc];
#else
  (void)argc;
  return 0;
#endif
}

Performing C SOURCE FILE Test HAVE_ATTRIBUTE_VISIBILITY_HIDDEN failed with the following output:
Change Dir: C:/Users/User/Desktop/Module30/HW/Task2/cmake-build-debug/CMakeFiles/CMakeScratch/TryCompile-ttbbs7

Run Build Command(s):C:/Program Files/JetBrains/CLion 2023.1/bin/ninja/win/x64/ninja.exe cmTC_bfc72 && [1/2] Building C object CMakeFiles/cmTC_bfc72.dir/src.c.obj
C:/Users/User/Desktop/Module30/HW/Task2/cmake-build-debug/CMakeFiles/CMakeScratch/TryCompile-ttbbs7/src.c:5:5: warning: visibility attribute not supported in this configuration; ignored [-Wattributes]
    5 |     }
      |     ^
[2/2] Linking C executable cmTC_bfc72.exe


Source file was:
#define Z_INTERNAL __attribute__((visibility ("hidden")))
    int Z_INTERNAL foo;
    int main() {
        return 0;
    }

Performing C SOURCE FILE Test HAVE_ATTRIBUTE_VISIBILITY_INTERNAL failed with the following output:
Change Dir: C:/Users/User/Desktop/Module30/HW/Task2/cmake-build-debug/CMakeFiles/CMakeScratch/TryCompile-7ms18v

Run Build Command(s):C:/Program Files/JetBrains/CLion 2023.1/bin/ninja/win/x64/ninja.exe cmTC_0d8f5 && [1/2] Building C object CMakeFiles/cmTC_0d8f5.dir/src.c.obj
C:/Users/User/Desktop/Module30/HW/Task2/cmake-build-debug/CMakeFiles/CMakeScratch/TryCompile-7ms18v/src.c:5:5: warning: visibility attribute not supported in this configuration; ignored [-Wattributes]
    5 |     }
      |     ^
[2/2] Linking C executable cmTC_0d8f5.exe


Source file was:
#define Z_INTERNAL __attribute__((visibility ("internal")))
    int Z_INTERNAL foo;
    int main() {
        return 0;
    }

